

Detecting CXX [-std=c++11] compiler features compiled with the following output:
Change Dir: G:/HihoCoder/cmake-build-debug/CMakeFiles/CMakeTmp

Run Build Command:"C:/MinGW/x86_64-4.9.2-win32-seh-rt_v4-rev4/mingw64/bin/mingw32-make.exe" "cmTC_8ab43/fast"
C:/MinGW/x86_64-4.9.2-win32-seh-rt_v4-rev4/mingw64/bin/mingw32-make.exe -f CMakeFiles\cmTC_8ab43.dir\build.make CMakeFiles/cmTC_8ab43.dir/build
mingw32-make.exe[1]: Entering directory 'G:/HihoCoder/cmake-build-debug/CMakeFiles/CMakeTmp'
Building CXX object CMakeFiles/cmTC_8ab43.dir/feature_tests.cxx.obj
C:\MinGW\x86_64-4.9.2-win32-seh-rt_v4-rev4\mingw64\bin\g++.exe    -std=c++11 -o CMakeFiles\cmTC_8ab43.dir\feature_tests.cxx.obj -c G:\HihoCoder\cmake-build-debug\CMakeFiles\feature_tests.cxx
Linking CXX executable cmTC_8ab43.exe
C:\JetBrains\apps\CLion\ch-0\173.4127.32\bin\cmake\bin\cmake.exe -E cmake_link_script CMakeFiles\cmTC_8ab43.dir\link.txt --verbose=1
C:\JetBrains\apps\CLion\ch-0\173.4127.32\bin\cmake\bin\cmake.exe -E remove -f CMakeFiles\cmTC_8ab43.dir/objects.a
C:\MinGW\x86_64-4.9.2-win32-seh-rt_v4-rev4\mingw64\bin\ar.exe cr CMakeFiles\cmTC_8ab43.dir/objects.a @CMakeFiles\cmTC_8ab43.dir\objects1.rsp
C:\MinGW\x86_64-4.9.2-win32-seh-rt_v4-rev4\mingw64\bin\g++.exe      -Wl,--whole-archive CMakeFiles\cmTC_8ab43.dir/objects.a -Wl,--no-whole-archive  -o cmTC_8ab43.exe -Wl,--out-implib,libcmTC_8ab43.dll.a -Wl,--major-image-version,0,--minor-image-version,0 @CMakeFiles\cmTC_8ab43.dir\linklibs.rsp
mingw32-make.exe[1]: Leaving directory 'G:/HihoCoder/cmake-build-debug/CMakeFiles/CMakeTmp'


    Feature record: CXX_FEATURE:0cxx_aggregate_default_initializers
    Feature record: CXX_FEATURE:1cxx_alias_templates
    Feature record: CXX_FEATURE:1cxx_alignas
    Feature record: CXX_FEATURE:1cxx_alignof
    Feature record: CXX_FEATURE:1cxx_attributes
    Feature record: CXX_FEATURE:0cxx_attribute_deprecated
    Feature record: CXX_FEATURE:1cxx_auto_type
    Feature record: CXX_FEATURE:0cxx_binary_literals
    Feature record: CXX_FEATURE:1cxx_constexpr
    Feature record: CXX_FEATURE:0cxx_contextual_conversions
    Feature record: CXX_FEATURE:1cxx_decltype
    Feature record: CXX_FEATURE:0cxx_decltype_auto
    Feature record: CXX_FEATURE:1cxx_decltype_incomplete_return_types
    Feature record: CXX_FEATURE:1cxx_default_function_template_args
    Feature record: CXX_FEATURE:1cxx_defaulted_functions
    Feature record: CXX_FEATURE:1cxx_defaulted_move_initializers
    Feature record: CXX_FEATURE:1cxx_delegating_constructors
    Feature record: CXX_FEATURE:1cxx_deleted_functions
    Feature record: CXX_FEATURE:0cxx_digit_separators
    Feature record: CXX_FEATURE:1cxx_enum_forward_declarations
    Feature record: CXX_FEATURE:1cxx_explicit_conversions
    Feature record: CXX_FEATURE:1cxx_extended_friend_declarations
    Feature record: CXX_FEATURE:1cxx_extern_templates
    Feature record: CXX_FEATURE:1cxx_final
    Feature record: CXX_FEATURE:1cxx_func_identifier
    Feature record: CXX_FEATURE:1cxx_generalized_initializers
    Feature record: CXX_FEATURE:0cxx_generic_lambdas
    Feature record: CXX_FEATURE:1cxx_inheriting_constructors
    Feature record: CXX_FEATURE:1cxx_inline_namespaces
    Feature record: CXX_FEATURE:1cxx_lambdas
    Feature record: CXX_FEATURE:0cxx_lambda_init_captures
    Feature record: CXX_FEATURE:1cxx_local_type_template_args
    Feature record: CXX_FEATURE:1cxx_long_long_type
    Feature record: CXX_FEATURE:1cxx_noexcept
    Feature record: CXX_FEATURE:1cxx_nonstatic_member_init
    Feature record: CXX_FEATURE:1cxx_nullptr
    Feature record: CXX_FEATURE:1cxx_override
    Feature record: CXX_FEATURE:1cxx_range_for
    Feature record: CXX_FEATURE:1cxx_raw_string_literals
    Feature record: CXX_FEATURE:1cxx_reference_qualified_functions
    Feature record: CXX_FEATURE:0cxx_relaxed_constexpr
    Feature record: CXX_FEATURE:0cxx_return_type_deduction
    Feature record: CXX_FEATURE:1cxx_right_angle_brackets
    Feature record: CXX_FEATURE:1cxx_rvalue_references
    Feature record: CXX_FEATURE:1cxx_sizeof_member
    Feature record: CXX_FEATURE:1cxx_static_assert
    Feature record: CXX_FEATURE:1cxx_strong_enums
    Feature record: CXX_FEATURE:1cxx_template_template_parameters
    Feature record: CXX_FEATURE:1cxx_thread_local
    Feature record: CXX_FEATURE:1cxx_trailing_return_types
    Feature record: CXX_FEATURE:1cxx_unicode_literals
    Feature record: CXX_FEATURE:1cxx_uniform_initialization
    Feature record: CXX_FEATURE:1cxx_unrestricted_unions
    Feature record: CXX_FEATURE:1cxx_user_literals
    Feature record: CXX_FEATURE:0cxx_variable_templates
    Feature record: CXX_FEATURE:1cxx_variadic_macros
    Feature record: CXX_FEATURE:1cxx_variadic_templates
